Using pre-set license
Built from '2020.3/staging' branch; Version is '2020.3.3f1 (76626098c1c4) revision 7758432'; Using compiler version '192528614'; Build Type 'Release'
OS: 'Windows 10 Pro; OS build 19041.1288; Version 2004; 64bit' Language: 'es' Physical Memory: 16312 MB
BatchMode: 1, IsHumanControllingUs: 0, StartBugReporterOnCrash: 0, Is64bit: 1, IsPro: 0

 COMMAND LINE ARGUMENTS:
C:\Program Files\Unity\Hub\Editor\2020.3.3f1\Editor\Unity.exe
-adb2
-batchMode
-noUpm
-name
AssetImportWorker0
-projectPath
C:/Users/CRIS/Desktop/mis juegos/JuegoPreguntas
-logFile
Logs/AssetImportWorker0.log
-srvPort
56752
Successfully changed project path to: C:/Users/CRIS/Desktop/mis juegos/JuegoPreguntas
C:/Users/CRIS/Desktop/mis juegos/JuegoPreguntas
Using Asset Import Pipeline V2.
Refreshing native plugins compatible for Editor in 41.40 ms, found 2 plugins.
Preloading 0 native plugins for Editor in 0.00 ms.
Initialize engine version: 2020.3.3f1 (76626098c1c4)
[Subsystems] Discovering subsystems at path C:/Program Files/Unity/Hub/Editor/2020.3.3f1/Editor/Data/Resources/UnitySubsystems
[Subsystems] Discovering subsystems at path C:/Users/CRIS/Desktop/mis juegos/JuegoPreguntas/Assets
GfxDevice: creating device client; threaded=0
Direct3D:
    Version:  Direct3D 11.0 [level 11.1]
    Renderer: NVIDIA GeForce GTX 1660 SUPER (ID=0x21c4)
    Vendor:   
    VRAM:     5991 MB
    Driver:   27.21.14.5671
Initialize mono
Mono path[0] = 'C:/Program Files/Unity/Hub/Editor/2020.3.3f1/Editor/Data/Managed'
Mono path[1] = 'C:/Program Files/Unity/Hub/Editor/2020.3.3f1/Editor/Data/MonoBleedingEdge/lib/mono/unityjit'
Mono config path = 'C:/Program Files/Unity/Hub/Editor/2020.3.3f1/Editor/Data/MonoBleedingEdge/etc'
Using monoOptions --debugger-agent=transport=dt_socket,embedding=1,server=y,suspend=n,address=127.0.0.1:56412
Begin MonoManager ReloadAssembly
Registering precompiled unity dll's ...
Register platform support module: C:/Program Files/Unity/Hub/Editor/2020.3.3f1/Editor/Data/PlaybackEngines/WindowsStandaloneSupport/UnityEditor.WindowsStandalone.Extensions.dll
Registered in 0.001713 seconds.
Native extension for WindowsStandalone target not found
Refreshing native plugins compatible for Editor in 38.46 ms, found 2 plugins.
Preloading 0 native plugins for Editor in 0.00 ms.
Invoked RoslynAnalysisRunner static constructor.
RoslynAnalysisRunner will not be running.
RoslynAnalysisRunner has terminated.
Mono: successfully reloaded assembly
- Completed reload, in  1.753 seconds
Platform modules already initialized, skipping
Registering precompiled user dll's ...
Registered in 0.001797 seconds.
Begin MonoManager ReloadAssembly
Native extension for WindowsStandalone target not found
Refreshing native plugins compatible for Editor in 37.91 ms, found 2 plugins.
Preloading 0 native plugins for Editor in 0.00 ms.
Invoked RoslynAnalysisRunner static constructor.
RoslynAnalysisRunner will not be running.
RoslynAnalysisRunner has terminated.
Mono: successfully reloaded assembly
- Completed reload, in  0.887 seconds
Platform modules already initialized, skipping
========================================================================
Worker process is ready to serve import requests
Launched and connected shader compiler UnityShaderCompiler.exe after 0.03 seconds
Refreshing native plugins compatible for Editor in 0.54 ms, found 2 plugins.
Preloading 0 native plugins for Editor in 0.00 ms.
Unloading 1999 Unused Serialized files (Serialized files now loaded: 0)
System memory in use before: 90.3 MB.
System memory in use after: 90.3 MB.

Unloading 41 unused Assets to reduce memory usage. Loaded Objects now: 2425.
Total: 2.496300 ms (FindLiveObjects: 0.388700 ms CreateObjectMapping: 0.056900 ms MarkObjects: 1.890000 ms  DeleteObjects: 0.159500 ms)

========================================================================
Received Import Request.
  path: Assets/ScriptableObjects/p6.asset
  artifactKey: Guid(b47fc79a3831bfd4dab2931bbc01089b) Importer(815301076,1909f56bfc062723c751e8b465ee728b)
Start importing Assets/ScriptableObjects/p6.asset using Guid(b47fc79a3831bfd4dab2931bbc01089b) Importer(815301076,1909f56bfc062723c751e8b465ee728b)  -> (artifact id: '2c6e4caffc364ca8b626881a5a66fa5f') in 0.032888 seconds
  Import took 0.035967 seconds .

========================================================================
Received Import Request.
  Time since last request: 0.000308 seconds.
  path: Assets/ScriptableObjects/p2.asset
  artifactKey: Guid(c5eb691e4a780dd40bcd2d69f849de59) Importer(815301076,1909f56bfc062723c751e8b465ee728b)
Start importing Assets/ScriptableObjects/p2.asset using Guid(c5eb691e4a780dd40bcd2d69f849de59) Importer(815301076,1909f56bfc062723c751e8b465ee728b)  -> (artifact id: '752ade927a525e22615f9f1216dc66d4') in 0.002304 seconds
  Import took 0.004930 seconds .

========================================================================
Received Import Request.
  Time since last request: 0.000231 seconds.
  path: Assets/ScriptableObjects/p4.asset
  artifactKey: Guid(d7e715b71dfb5124795b37b889e0ef4d) Importer(815301076,1909f56bfc062723c751e8b465ee728b)
Start importing Assets/ScriptableObjects/p4.asset using Guid(d7e715b71dfb5124795b37b889e0ef4d) Importer(815301076,1909f56bfc062723c751e8b465ee728b)  -> (artifact id: '88d4316959740d179f8fd78a0f1ef6fc') in 0.002014 seconds
  Import took 0.004705 seconds .

========================================================================
Received Import Request.
  Time since last request: 0.000291 seconds.
  path: Assets/ScriptableObjects/p9.asset
  artifactKey: Guid(aa0f32bd59af4494f8092d02d25fdb5a) Importer(815301076,1909f56bfc062723c751e8b465ee728b)
Start importing Assets/ScriptableObjects/p9.asset using Guid(aa0f32bd59af4494f8092d02d25fdb5a) Importer(815301076,1909f56bfc062723c751e8b465ee728b)  -> (artifact id: 'd8c87e5ad82fe7312b920c1820db146d') in 0.002055 seconds
  Import took 0.004929 seconds .

========================================================================
Received Import Request.
  Time since last request: 0.000235 seconds.
  path: Assets/ScriptableObjects/p1.asset
  artifactKey: Guid(557e297c4ef4c954c8bf6a2a4f48c2cf) Importer(815301076,1909f56bfc062723c751e8b465ee728b)
Start importing Assets/ScriptableObjects/p1.asset using Guid(557e297c4ef4c954c8bf6a2a4f48c2cf) Importer(815301076,1909f56bfc062723c751e8b465ee728b)  -> (artifact id: '02d41d62ae9799edb92d0e08f3173efd') in 0.002144 seconds
  Import took 0.004340 seconds .

========================================================================
Received Import Request.
  Time since last request: 0.000198 seconds.
  path: Assets/ScriptableObjects/p8.asset
  artifactKey: Guid(be8668b8a53d1cc43aac120eaf6c1197) Importer(815301076,1909f56bfc062723c751e8b465ee728b)
Start importing Assets/ScriptableObjects/p8.asset using Guid(be8668b8a53d1cc43aac120eaf6c1197) Importer(815301076,1909f56bfc062723c751e8b465ee728b)  -> (artifact id: 'a85ca2302bedce93b68deba773c30174') in 0.001968 seconds
  Import took 0.004183 seconds .

========================================================================
Received Import Request.
  Time since last request: 0.000219 seconds.
  path: Assets/ScriptableObjects/p5.asset
  artifactKey: Guid(25105c168c01a1047898b8b0df488d01) Importer(815301076,1909f56bfc062723c751e8b465ee728b)
Start importing Assets/ScriptableObjects/p5.asset using Guid(25105c168c01a1047898b8b0df488d01) Importer(815301076,1909f56bfc062723c751e8b465ee728b)  -> (artifact id: 'aae70336ae6892bfe247d8b6a86f2750') in 0.002176 seconds
  Import took 0.004510 seconds .

========================================================================
Received Import Request.
  Time since last request: 0.000306 seconds.
  path: Assets/ScriptableObjects/p10.asset
  artifactKey: Guid(a2c80f6b83e90ec45a37c418d1ffe7a2) Importer(815301076,1909f56bfc062723c751e8b465ee728b)
Start importing Assets/ScriptableObjects/p10.asset using Guid(a2c80f6b83e90ec45a37c418d1ffe7a2) Importer(815301076,1909f56bfc062723c751e8b465ee728b)  -> (artifact id: '7aba4e45c8b5312eb73a10830ca89d98') in 0.002132 seconds
  Import took 0.004969 seconds .

========================================================================
Received Import Request.
  Time since last request: 0.000244 seconds.
  path: Assets/ScriptableObjects/p7.asset
  artifactKey: Guid(359e56f2071981e42a28917806fdd58d) Importer(815301076,1909f56bfc062723c751e8b465ee728b)
Start importing Assets/ScriptableObjects/p7.asset using Guid(359e56f2071981e42a28917806fdd58d) Importer(815301076,1909f56bfc062723c751e8b465ee728b)  -> (artifact id: '6799f0790fe6dd0d4a00400d454e9e50') in 0.002339 seconds
  Import took 0.004501 seconds .

========================================================================
Received Prepare
Registering precompiled user dll's ...
Registered in 0.001880 seconds.
Begin MonoManager ReloadAssembly
Native extension for WindowsStandalone target not found
Refreshing native plugins compatible for Editor in 0.55 ms, found 2 plugins.
Preloading 0 native plugins for Editor in 0.00 ms.
Invoked RoslynAnalysisRunner static constructor.
RoslynAnalysisRunner will not be running.
RoslynAnalysisRunner has terminated.
Mono: successfully reloaded assembly
- Completed reload, in  0.838 seconds
Platform modules already initialized, skipping
Refreshing native plugins compatible for Editor in 0.72 ms, found 2 plugins.
Preloading 0 native plugins for Editor in 0.00 ms.
Unloading 1992 Unused Serialized files (Serialized files now loaded: 0)
System memory in use before: 90.1 MB.
System memory in use after: 90.1 MB.

Unloading 29 unused Assets to reduce memory usage. Loaded Objects now: 2429.
Total: 2.229800 ms (FindLiveObjects: 0.269400 ms CreateObjectMapping: 0.051900 ms MarkObjects: 1.774400 ms  DeleteObjects: 0.133000 ms)

========================================================================
Received Import Request.
  Time since last request: 130.361199 seconds.
  path: Assets/Scripts/GameManager.cs
  artifactKey: Guid(305c6fb5dc101fa4ca51e83fa6dac4f1) Importer(815301076,1909f56bfc062723c751e8b465ee728b)
Start importing Assets/Scripts/GameManager.cs using Guid(305c6fb5dc101fa4ca51e83fa6dac4f1) Importer(815301076,1909f56bfc062723c751e8b465ee728b)  -> (artifact id: 'e437c9b666675112672f4b0a0ceb6258') in 0.009277 seconds
  Import took 0.012626 seconds .

AssetImportWorkerClient::OnTransportError - code=2 error=End of file
